# JRE version: OpenJDK Runtime Environment (8.0_242-b01) (build 1.8.0_242-release-1644-b01)
# Java VM: OpenJDK 64-Bit Server VM (25.242-b01 mixed mode windows-amd64 compressed oops)
Heap:
 PSYoungGen      total 417280K, used 64665K [0x00000000d5580000, 0x00000000f2280000, 0x0000000100000000)
  eden space 371712K, 8% used [0x00000000d5580000,0x00000000d749b970,0x00000000ec080000)
  from space 45568K, 72% used [0x00000000ef600000,0x00000000f160ab40,0x00000000f2280000)
  to   space 50176K, 0% used [0x00000000ec080000,0x00000000ec080000,0x00000000ef180000)
 ParOldGen       total 190976K, used 117520K [0x0000000080000000, 0x000000008ba80000, 0x00000000d5580000)
  object space 190976K, 61% used [0x0000000080000000,0x00000000872c42c8,0x000000008ba80000)
 Metaspace       used 89347K, capacity 94228K, committed 94376K, reserved 1130496K
  class space    used 12011K, capacity 12912K, committed 12976K, reserved 1048576K
GC Heap History (10 events):
Event: 54.706 GC heap before
{Heap before GC invocations=15 (full 3):
 PSYoungGen      total 246784K, used 246772K [0x00000000d5580000, 0x00000000e9800000, 0x0000000100000000)
  eden space 227840K, 100% used [0x00000000d5580000,0x00000000e3400000,0x00000000e3400000)
  from space 18944K, 99% used [0x00000000e3400000,0x00000000e467d1b8,0x00000000e4680000)
  to   space 20992K, 0% used [0x00000000e8380000,0x00000000e8380000,0x00000000e9800000)
 ParOldGen       total 190976K, used 35691K [0x0000000080000000, 0x000000008ba80000, 0x00000000d5580000)
  object space 190976K, 18% used [0x0000000080000000,0x00000000822daf40,0x000000008ba80000)
 Metaspace       used 69154K, capacity 72472K, committed 72488K, reserved 1112064K
  class space    used 9380K, capacity 10027K, committed 10032K, reserved 1048576K
Event: 54.719 GC heap after
Heap after GC invocations=15 (full 3):
 PSYoungGen      total 292864K, used 5635K [0x00000000d5580000, 0x00000000e9000000, 0x0000000100000000)
  eden space 280064K, 0% used [0x00000000d5580000,0x00000000d5580000,0x00000000e6700000)
  from space 12800K, 44% used [0x00000000e8380000,0x00000000e8900d38,0x00000000e9000000)
  to   space 20992K, 0% used [0x00000000e6700000,0x00000000e6700000,0x00000000e7b80000)
 ParOldGen       total 190976K, used 46581K [0x0000000080000000, 0x000000008ba80000, 0x00000000d5580000)
  object space 190976K, 24% used [0x0000000080000000,0x0000000082d7d7b8,0x000000008ba80000)
 Metaspace       used 69154K, capacity 72472K, committed 72488K, reserved 1112064K
  class space    used 9380K, capacity 10027K, committed 10032K, reserved 1048576K
}
Event: 68.273 GC heap before
{Heap before GC invocations=16 (full 3):
 PSYoungGen      total 292864K, used 285699K [0x00000000d5580000, 0x00000000e9000000, 0x0000000100000000)
  eden space 280064K, 100% used [0x00000000d5580000,0x00000000e6700000,0x00000000e6700000)
  from space 12800K, 44% used [0x00000000e8380000,0x00000000e8900d38,0x00000000e9000000)
  to   space 20992K, 0% used [0x00000000e6700000,0x00000000e6700000,0x00000000e7b80000)
 ParOldGen       total 190976K, used 46581K [0x0000000080000000, 0x000000008ba80000, 0x00000000d5580000)
  object space 190976K, 24% used [0x0000000080000000,0x0000000082d7d7b8,0x000000008ba80000)
 Metaspace       used 74337K, capacity 77848K, committed 78120K, reserved 1116160K
  class space    used 10025K, capacity 10715K, committed 10800K, reserved 1048576K
Event: 68.286 GC heap after
Heap after GC invocations=16 (full 3):
 PSYoungGen      total 301056K, used 18696K [0x00000000d5580000, 0x00000000ec980000, 0x0000000100000000)
  eden space 280064K, 0% used [0x00000000d5580000,0x00000000d5580000,0x00000000e6700000)
  from space 20992K, 89% used [0x00000000e6700000,0x00000000e79422c0,0x00000000e7b80000)
  to   space 23040K, 0% used [0x00000000eb300000,0x00000000eb300000,0x00000000ec980000)
 ParOldGen       total 190976K, used 46589K [0x0000000080000000, 0x000000008ba80000, 0x00000000d5580000)
  object space 190976K, 24% used [0x0000000080000000,0x0000000082d7f7b8,0x000000008ba80000)
 Metaspace       used 74337K, capacity 77848K, committed 78120K, reserved 1116160K
  class space    used 10025K, capacity 10715K, committed 10800K, reserved 1048576K
}
Event: 73.283 GC heap before
{Heap before GC invocations=17 (full 3):
 PSYoungGen      total 301056K, used 298760K [0x00000000d5580000, 0x00000000ec980000, 0x0000000100000000)
  eden space 280064K, 100% used [0x00000000d5580000,0x00000000e6700000,0x00000000e6700000)
  from space 20992K, 89% used [0x00000000e6700000,0x00000000e79422c0,0x00000000e7b80000)
  to   space 23040K, 0% used [0x00000000eb300000,0x00000000eb300000,0x00000000ec980000)
 ParOldGen       total 190976K, used 46589K [0x0000000080000000, 0x000000008ba80000, 0x00000000d5580000)
  object space 190976K, 24% used [0x0000000080000000,0x0000000082d7f7b8,0x000000008ba80000)
 Metaspace       used 80150K, capacity 84334K, committed 84520K, reserved 1122304K
  class space    used 10982K, capacity 11776K, committed 11824K, reserved 1048576K
Event: 73.360 GC heap after
Heap after GC invocations=17 (full 3):
 PSYoungGen      total 332288K, used 23016K [0x00000000d5580000, 0x00000000f0a80000, 0x0000000100000000)
  eden space 309248K, 0% used [0x00000000d5580000,0x00000000d5580000,0x00000000e8380000)
  from space 23040K, 99% used [0x00000000eb300000,0x00000000ec97a1c8,0x00000000ec980000)
  to   space 48640K, 0% used [0x00000000e8380000,0x00000000e8380000,0x00000000eb300000)
 ParOldGen       total 190976K, used 107472K [0x0000000080000000, 0x000000008ba80000, 0x00000000d5580000)
  object space 190976K, 56% used [0x0000000080000000,0x00000000868f43d0,0x000000008ba80000)
 Metaspace       used 80150K, capacity 84334K, committed 84520K, reserved 1122304K
  class space    used 10982K, capacity 11776K, committed 11824K, reserved 1048576K
}
Event: 90.701 GC heap before
{Heap before GC invocations=18 (full 3):
 PSYoungGen      total 332288K, used 332264K [0x00000000d5580000, 0x00000000f0a80000, 0x0000000100000000)
  eden space 309248K, 100% used [0x00000000d5580000,0x00000000e8380000,0x00000000e8380000)
  from space 23040K, 99% used [0x00000000eb300000,0x00000000ec97a1c8,0x00000000ec980000)
  to   space 48640K, 0% used [0x00000000e8380000,0x00000000e8380000,0x00000000eb300000)
 ParOldGen       total 190976K, used 107472K [0x0000000080000000, 0x000000008ba80000, 0x00000000d5580000)
  object space 190976K, 56% used [0x0000000080000000,0x00000000868f43d0,0x000000008ba80000)
 Metaspace       used 82134K, capacity 86822K, committed 87080K, reserved 1124352K
  class space    used 11195K, capacity 12052K, committed 12080K, reserved 1048576K
Event: 90.743 GC heap after
Heap after GC invocations=18 (full 3):
 PSYoungGen      total 357888K, used 25822K [0x00000000d5580000, 0x00000000f2500000, 0x0000000100000000)
  eden space 309248K, 0% used [0x00000000d5580000,0x00000000d5580000,0x00000000e8380000)
  from space 48640K, 53% used [0x00000000e8380000,0x00000000e9cb7878,0x00000000eb300000)
  to   space 48128K, 0% used [0x00000000ef600000,0x00000000ef600000,0x00000000f2500000)
 ParOldGen       total 190976K, used 117504K [0x0000000080000000, 0x000000008ba80000, 0x00000000d5580000)
  object space 190976K, 61% used [0x0000000080000000,0x00000000872c02c8,0x000000008ba80000)
 Metaspace       used 82134K, capacity 86822K, committed 87080K, reserved 1124352K
  class space    used 11195K, capacity 12052K, committed 12080K, reserved 1048576K
}
Event: 104.780 GC heap before
{Heap before GC invocations=19 (full 3):
 PSYoungGen      total 357888K, used 335070K [0x00000000d5580000, 0x00000000f2500000, 0x0000000100000000)
  eden space 309248K, 100% used [0x00000000d5580000,0x00000000e8380000,0x00000000e8380000)
  from space 48640K, 53% used [0x00000000e8380000,0x00000000e9cb7878,0x00000000eb300000)
  to   space 48128K, 0% used [0x00000000ef600000,0x00000000ef600000,0x00000000f2500000)
 ParOldGen       total 190976K, used 117504K [0x0000000080000000, 0x000000008ba80000, 0x00000000d5580000)
  object space 190976K, 61% used [0x0000000080000000,0x00000000872c02c8,0x000000008ba80000)
 Metaspace       used 89252K, capacity 94024K, committed 94120K, reserved 1130496K
  class space    used 12002K, capacity 12910K, committed 12976K, reserved 1048576K
Event: 104.818 GC heap after
Heap after GC invocations=19 (full 3):
 PSYoungGen      total 417280K, used 32810K [0x00000000d5580000, 0x00000000f2280000, 0x0000000100000000)
  eden space 371712K, 0% used [0x00000000d5580000,0x00000000d5580000,0x00000000ec080000)
  from space 45568K, 72% used [0x00000000ef600000,0x00000000f160ab40,0x00000000f2280000)
  to   space 50176K, 0% used [0x00000000ec080000,0x00000000ec080000,0x00000000ef180000)
 ParOldGen       total 190976K, used 117520K [0x0000000080000000, 0x000000008ba80000, 0x00000000d5580000)
  object space 190976K, 61% used [0x0000000080000000,0x00000000872c42c8,0x000000008ba80000)
 Metaspace       used 89252K, capacity 94024K, committed 94120K, reserved 1130496K
  class space    used 12002K, capacity 12910K, committed 12976K, reserved 1048576K
}

